<?xml version="1.0" encoding="UTF-8"?>
<!-- Generated by org.testng.reporters.JUnitReportReporter -->
<testsuite skipped="0" hostname="Ujwal" name="p.a1" tests="3" failures="0" timestamp="2022-11-01T13:50:05 IST" time="50.084" errors="0">
  <testcase name="browserLaunch" time="17.985" classname="p.a1"/>
  <system-out/>
  <testcase name="browserLaunch" time="16.947" classname="p.a1"/>
  <system-out/>
  <testcase name="browserLaunch" time="15.152" classname="p.a1"/>
  <system-out/>
</testsuite> <!-- p.a1 -->
